<?xml version="1.0" encoding="UTF-8"?>
<testsuite name="com.study.springboot.web.HelloControllerTest" tests="2" skipped="0" failures="0" errors="0" timestamp="2020-05-05T09:01:54" hostname="Hyeran-MacBookPro.local" time="0.27">
  <properties/>
  <testcase name="hello가_리턴된다" classname="com.study.springboot.web.HelloControllerTest" time="0.203"/>
  <testcase name="helloDto가_리턴된다" classname="com.study.springboot.web.HelloControllerTest" time="0.066"/>
  <system-out><![CDATA[18:01:52.629 [Test worker] DEBUG org.springframework.test.context.junit4.SpringJUnit4ClassRunner - SpringJUnit4ClassRunner constructor called with [class com.study.springboot.web.HelloControllerTest]
18:01:52.635 [Test worker] DEBUG org.springframework.test.context.BootstrapUtils - Instantiating CacheAwareContextLoaderDelegate from class [org.springframework.test.context.cache.DefaultCacheAwareContextLoaderDelegate]
18:01:52.642 [Test worker] DEBUG org.springframework.test.context.BootstrapUtils - Instantiating BootstrapContext using constructor [public org.springframework.test.context.support.DefaultBootstrapContext(java.lang.Class,org.springframework.test.context.CacheAwareContextLoaderDelegate)]
18:01:52.656 [Test worker] DEBUG org.springframework.test.context.BootstrapUtils - Instantiating TestContextBootstrapper for test class [com.study.springboot.web.HelloControllerTest] from class [org.springframework.boot.test.autoconfigure.web.servlet.WebMvcTestContextBootstrapper]
18:01:52.667 [Test worker] INFO org.springframework.boot.test.autoconfigure.web.servlet.WebMvcTestContextBootstrapper - Neither @ContextConfiguration nor @ContextHierarchy found for test class [com.study.springboot.web.HelloControllerTest], using SpringBootContextLoader
18:01:52.669 [Test worker] DEBUG org.springframework.test.context.support.AbstractContextLoader - Did not detect default resource location for test class [com.study.springboot.web.HelloControllerTest]: class path resource [com/study/springboot/web/HelloControllerTest-context.xml] does not exist
18:01:52.670 [Test worker] DEBUG org.springframework.test.context.support.AbstractContextLoader - Did not detect default resource location for test class [com.study.springboot.web.HelloControllerTest]: class path resource [com/study/springboot/web/HelloControllerTestContext.groovy] does not exist
18:01:52.670 [Test worker] INFO org.springframework.test.context.support.AbstractContextLoader - Could not detect default resource locations for test class [com.study.springboot.web.HelloControllerTest]: no resource found for suffixes {-context.xml, Context.groovy}.
18:01:52.670 [Test worker] INFO org.springframework.test.context.support.AnnotationConfigContextLoaderUtils - Could not detect default configuration classes for test class [com.study.springboot.web.HelloControllerTest]: HelloControllerTest does not declare any static, non-private, non-final, nested classes annotated with @Configuration.
18:01:52.712 [Test worker] DEBUG org.springframework.test.context.support.ActiveProfilesUtils - Could not find an 'annotation declaring class' for annotation type [org.springframework.test.context.ActiveProfiles] and class [com.study.springboot.web.HelloControllerTest]
18:01:52.770 [Test worker] DEBUG org.springframework.context.annotation.ClassPathScanningCandidateComponentProvider - Identified candidate component class: file [/Users/hyeran/Documents/IntelliJ Projects/springboot-webservice/build/classes/java/main/com/study/springboot/Application.class]
18:01:52.771 [Test worker] INFO org.springframework.boot.test.context.SpringBootTestContextBootstrapper - Found @SpringBootConfiguration com.study.springboot.Application for test class com.study.springboot.web.HelloControllerTest
18:01:52.773 [Test worker] DEBUG org.springframework.boot.test.autoconfigure.web.servlet.WebMvcTestContextBootstrapper - @TestExecutionListeners is not present for class [com.study.springboot.web.HelloControllerTest]: using defaults.
18:01:52.773 [Test worker] INFO org.springframework.boot.test.autoconfigure.web.servlet.WebMvcTestContextBootstrapper - Loaded default TestExecutionListener class names from location [META-INF/spring.factories]: [org.springframework.security.test.context.support.WithSecurityContextTestExecutionListener, org.springframework.security.test.context.support.ReactorContextTestExecutionListener, org.springframework.boot.test.autoconfigure.restdocs.RestDocsTestExecutionListener, org.springframework.boot.test.autoconfigure.web.client.MockRestServiceServerResetTestExecutionListener, org.springframework.boot.test.autoconfigure.web.servlet.MockMvcPrintOnlyOnFailureTestExecutionListener, org.springframework.boot.test.autoconfigure.web.servlet.WebDriverTestExecutionListener, org.springframework.boot.test.mock.mockito.MockitoTestExecutionListener, org.springframework.boot.test.mock.mockito.ResetMocksTestExecutionListener, org.springframework.test.context.web.ServletTestExecutionListener, org.springframework.test.context.support.DirtiesContextBeforeModesTestExecutionListener, org.springframework.test.context.support.DependencyInjectionTestExecutionListener, org.springframework.test.context.support.DirtiesContextTestExecutionListener, org.springframework.test.context.transaction.TransactionalTestExecutionListener, org.springframework.test.context.jdbc.SqlScriptsTestExecutionListener]
18:01:52.787 [Test worker] INFO org.springframework.boot.test.autoconfigure.web.servlet.WebMvcTestContextBootstrapper - Using TestExecutionListeners: [org.springframework.test.context.web.ServletTestExecutionListener@45f3375b, org.springframework.test.context.support.DirtiesContextBeforeModesTestExecutionListener@65aed598, org.springframework.boot.test.mock.mockito.MockitoTestExecutionListener@6c073878, org.springframework.boot.test.autoconfigure.SpringBootDependencyInjectionTestExecutionListener@799d1736, org.springframework.test.context.support.DirtiesContextTestExecutionListener@2588beb1, org.springframework.test.context.transaction.TransactionalTestExecutionListener@3619ad8d, org.springframework.test.context.jdbc.SqlScriptsTestExecutionListener@630887ce, org.springframework.security.test.context.support.WithSecurityContextTestExecutionListener@72bd083e, org.springframework.security.test.context.support.ReactorContextTestExecutionListener@12a05dee, org.springframework.boot.test.autoconfigure.restdocs.RestDocsTestExecutionListener@69aefff2, org.springframework.boot.test.autoconfigure.web.client.MockRestServiceServerResetTestExecutionListener@4ebf23fe, org.springframework.boot.test.autoconfigure.web.servlet.MockMvcPrintOnlyOnFailureTestExecutionListener@54593eef, org.springframework.boot.test.autoconfigure.web.servlet.WebDriverTestExecutionListener@448646a7, org.springframework.boot.test.mock.mockito.ResetMocksTestExecutionListener@5a4970aa]
18:01:52.788 [Test worker] DEBUG org.springframework.test.annotation.ProfileValueUtils - Retrieved @ProfileValueSourceConfiguration [null] for test class [com.study.springboot.web.HelloControllerTest]
18:01:52.788 [Test worker] DEBUG org.springframework.test.annotation.ProfileValueUtils - Retrieved ProfileValueSource type [class org.springframework.test.annotation.SystemProfileValueSource] for class [com.study.springboot.web.HelloControllerTest]
18:01:52.789 [Test worker] DEBUG org.springframework.test.annotation.ProfileValueUtils - Retrieved @ProfileValueSourceConfiguration [null] for test class [com.study.springboot.web.HelloControllerTest]
18:01:52.789 [Test worker] DEBUG org.springframework.test.annotation.ProfileValueUtils - Retrieved ProfileValueSource type [class org.springframework.test.annotation.SystemProfileValueSource] for class [com.study.springboot.web.HelloControllerTest]
18:01:52.792 [Test worker] DEBUG org.springframework.test.context.support.AbstractDirtiesContextTestExecutionListener - Before test class: context [DefaultTestContext@9c37670 testClass = HelloControllerTest, testInstance = [null], testMethod = [null], testException = [null], mergedContextConfiguration = [WebMergedContextConfiguration@2bbd5d3b testClass = HelloControllerTest, locations = '{}', classes = '{class com.study.springboot.Application}', contextInitializerClasses = '[]', activeProfiles = '{}', propertySourceLocations = '{}', propertySourceProperties = '{org.springframework.boot.test.autoconfigure.web.servlet.WebMvcTestContextBootstrapper=true}', contextCustomizers = set[org.springframework.boot.test.autoconfigure.OverrideAutoConfigurationContextCustomizerFactory$DisableAutoConfigurationContextCustomizer@2d663bd9, org.springframework.boot.test.autoconfigure.filter.TypeExcludeFiltersContextCustomizer@d383652f, org.springframework.boot.test.autoconfigure.properties.PropertyMappingContextCustomizer@9adfb194, org.springframework.boot.test.autoconfigure.web.servlet.WebDriverContextCustomizerFactory$Customizer@325e5d8b, [ImportsContextCustomizer@460dadbb key = [org.springframework.boot.autoconfigure.cache.CacheAutoConfiguration, org.springframework.boot.autoconfigure.context.MessageSourceAutoConfiguration, org.springframework.boot.autoconfigure.data.web.SpringDataWebAutoConfiguration, org.springframework.boot.autoconfigure.freemarker.FreeMarkerAutoConfiguration, org.springframework.boot.autoconfigure.groovy.template.GroovyTemplateAutoConfiguration, org.springframework.boot.autoconfigure.gson.GsonAutoConfiguration, org.springframework.boot.autoconfigure.hateoas.HypermediaAutoConfiguration, org.springframework.boot.autoconfigure.http.HttpMessageConvertersAutoConfiguration, org.springframework.boot.autoconfigure.jackson.JacksonAutoConfiguration, org.springframework.boot.autoconfigure.jsonb.JsonbAutoConfiguration, org.springframework.boot.autoconfigure.mustache.MustacheAutoConfiguration, org.springframework.boot.autoconfigure.task.TaskExecutionAutoConfiguration, org.springframework.boot.autoconfigure.thymeleaf.ThymeleafAutoConfiguration, org.springframework.boot.autoconfigure.validation.ValidationAutoConfiguration, org.springframework.boot.autoconfigure.web.servlet.error.ErrorMvcAutoConfiguration, org.springframework.boot.autoconfigure.web.servlet.WebMvcAutoConfiguration, org.springframework.boot.test.autoconfigure.web.servlet.MockMvcAutoConfiguration, org.springframework.boot.test.autoconfigure.web.servlet.MockMvcSecurityAutoConfiguration, org.springframework.boot.test.autoconfigure.web.servlet.MockMvcWebClientAutoConfiguration, org.springframework.boot.test.autoconfigure.web.servlet.MockMvcWebDriverAutoConfiguration]], org.springframework.boot.test.context.filter.ExcludeFilterContextCustomizer@55b7420d, org.springframework.boot.test.json.DuplicateJsonObjectContextCustomizerFactory$DuplicateJsonObjectContextCustomizer@729198da, org.springframework.boot.test.mock.mockito.MockitoContextCustomizer@0], resourceBasePath = 'src/main/webapp', contextLoader = 'org.springframework.boot.test.context.SpringBootContextLoader', parent = [null]], attributes = map[[empty]]], class annotated with @DirtiesContext [false] with mode [null].
18:01:52.793 [Test worker] DEBUG org.springframework.test.annotation.ProfileValueUtils - Retrieved @ProfileValueSourceConfiguration [null] for test class [com.study.springboot.web.HelloControllerTest]
18:01:52.793 [Test worker] DEBUG org.springframework.test.annotation.ProfileValueUtils - Retrieved ProfileValueSource type [class org.springframework.test.annotation.SystemProfileValueSource] for class [com.study.springboot.web.HelloControllerTest]
18:01:52.796 [Test worker] DEBUG org.springframework.test.context.support.DependencyInjectionTestExecutionListener - Performing dependency injection for test context [[DefaultTestContext@9c37670 testClass = HelloControllerTest, testInstance = com.study.springboot.web.HelloControllerTest@6bde60fb, testMethod = [null], testException = [null], mergedContextConfiguration = [WebMergedContextConfiguration@2bbd5d3b testClass = HelloControllerTest, locations = '{}', classes = '{class com.study.springboot.Application}', contextInitializerClasses = '[]', activeProfiles = '{}', propertySourceLocations = '{}', propertySourceProperties = '{org.springframework.boot.test.autoconfigure.web.servlet.WebMvcTestContextBootstrapper=true}', contextCustomizers = set[org.springframework.boot.test.autoconfigure.OverrideAutoConfigurationContextCustomizerFactory$DisableAutoConfigurationContextCustomizer@2d663bd9, org.springframework.boot.test.autoconfigure.filter.TypeExcludeFiltersContextCustomizer@d383652f, org.springframework.boot.test.autoconfigure.properties.PropertyMappingContextCustomizer@9adfb194, org.springframework.boot.test.autoconfigure.web.servlet.WebDriverContextCustomizerFactory$Customizer@325e5d8b, [ImportsContextCustomizer@460dadbb key = [org.springframework.boot.autoconfigure.cache.CacheAutoConfiguration, org.springframework.boot.autoconfigure.context.MessageSourceAutoConfiguration, org.springframework.boot.autoconfigure.data.web.SpringDataWebAutoConfiguration, org.springframework.boot.autoconfigure.freemarker.FreeMarkerAutoConfiguration, org.springframework.boot.autoconfigure.groovy.template.GroovyTemplateAutoConfiguration, org.springframework.boot.autoconfigure.gson.GsonAutoConfiguration, org.springframework.boot.autoconfigure.hateoas.HypermediaAutoConfiguration, org.springframework.boot.autoconfigure.http.HttpMessageConvertersAutoConfiguration, org.springframework.boot.autoconfigure.jackson.JacksonAutoConfiguration, org.springframework.boot.autoconfigure.jsonb.JsonbAutoConfiguration, org.springframework.boot.autoconfigure.mustache.MustacheAutoConfiguration, org.springframework.boot.autoconfigure.task.TaskExecutionAutoConfiguration, org.springframework.boot.autoconfigure.thymeleaf.ThymeleafAutoConfiguration, org.springframework.boot.autoconfigure.validation.ValidationAutoConfiguration, org.springframework.boot.autoconfigure.web.servlet.error.ErrorMvcAutoConfiguration, org.springframework.boot.autoconfigure.web.servlet.WebMvcAutoConfiguration, org.springframework.boot.test.autoconfigure.web.servlet.MockMvcAutoConfiguration, org.springframework.boot.test.autoconfigure.web.servlet.MockMvcSecurityAutoConfiguration, org.springframework.boot.test.autoconfigure.web.servlet.MockMvcWebClientAutoConfiguration, org.springframework.boot.test.autoconfigure.web.servlet.MockMvcWebDriverAutoConfiguration]], org.springframework.boot.test.context.filter.ExcludeFilterContextCustomizer@55b7420d, org.springframework.boot.test.json.DuplicateJsonObjectContextCustomizerFactory$DuplicateJsonObjectContextCustomizer@729198da, org.springframework.boot.test.mock.mockito.MockitoContextCustomizer@0], resourceBasePath = 'src/main/webapp', contextLoader = 'org.springframework.boot.test.context.SpringBootContextLoader', parent = [null]], attributes = map[[empty]]]].
18:01:52.870 [Test worker] DEBUG org.springframework.test.context.support.TestPropertySourceUtils - Adding inlined properties to environment: {spring.jmx.enabled=false, org.springframework.boot.test.autoconfigure.web.servlet.WebMvcTestContextBootstrapper=true, server.port=-1}

  .   ____          _            __ _ _
 /\\ / ___'_ __ _ _(_)_ __  __ _ \ \ \ \
( ( )\___ | '_ | '_| | '_ \/ _` | \ \ \ \
 \\/  ___)| |_)| | | | | || (_| |  ) ) ) )
  '  |____| .__|_| |_|_| |_\__, | / / / /
 =========|_|==============|___/=/_/_/_/
 :: Spring Boot ::        (v2.1.7.RELEASE)

2020-05-05 18:01:53.213  INFO 69400 --- [    Test worker] c.s.springboot.web.HelloControllerTest   : Starting HelloControllerTest on Hyeran-MacBookPro.local with PID 69400 (started by hyeran in /Users/hyeran/Documents/IntelliJ Projects/springboot-webservice)
2020-05-05 18:01:53.215  INFO 69400 --- [    Test worker] c.s.springboot.web.HelloControllerTest   : No active profile set, falling back to default profiles: default
2020-05-05 18:01:54.121  INFO 69400 --- [    Test worker] o.s.s.concurrent.ThreadPoolTaskExecutor  : Initializing ExecutorService 'applicationTaskExecutor'
2020-05-05 18:01:54.185  INFO 69400 --- [    Test worker] o.s.b.a.w.s.WelcomePageHandlerMapping    : Adding welcome page template: index
2020-05-05 18:01:54.399  INFO 69400 --- [    Test worker] .s.s.UserDetailsServiceAutoConfiguration : 

Using generated security password: bc94bd13-da50-4252-a54f-8e1a1fb3b7ba

2020-05-05 18:01:54.582  INFO 69400 --- [    Test worker] o.s.s.web.DefaultSecurityFilterChain     : Creating filter chain: any request, [org.springframework.security.web.context.request.async.WebAsyncManagerIntegrationFilter@548b4072, org.springframework.security.web.context.SecurityContextPersistenceFilter@648f812f, org.springframework.security.web.header.HeaderWriterFilter@1b32e80f, org.springframework.security.web.csrf.CsrfFilter@7ec900ab, org.springframework.security.web.authentication.logout.LogoutFilter@1cea75ca, org.springframework.security.web.authentication.UsernamePasswordAuthenticationFilter@349ad3d0, org.springframework.security.web.authentication.ui.DefaultLoginPageGeneratingFilter@776ccb0b, org.springframework.security.web.authentication.ui.DefaultLogoutPageGeneratingFilter@3e855f87, org.springframework.security.web.authentication.www.BasicAuthenticationFilter@1737f730, org.springframework.security.web.savedrequest.RequestCacheAwareFilter@2d8f10b5, org.springframework.security.web.servletapi.SecurityContextHolderAwareRequestFilter@29a4a386, org.springframework.security.web.authentication.AnonymousAuthenticationFilter@4e3f12fb, org.springframework.security.web.session.SessionManagementFilter@333d3702, org.springframework.security.web.access.ExceptionTranslationFilter@54f7b2bf, org.springframework.security.web.access.intercept.FilterSecurityInterceptor@eb8ed26]
2020-05-05 18:01:54.618  INFO 69400 --- [    Test worker] o.s.b.t.m.w.SpringBootMockServletContext : Initializing Spring TestDispatcherServlet ''
2020-05-05 18:01:54.618  INFO 69400 --- [    Test worker] o.s.t.web.servlet.TestDispatcherServlet  : Initializing Servlet ''
2020-05-05 18:01:54.628  INFO 69400 --- [    Test worker] o.s.t.web.servlet.TestDispatcherServlet  : Completed initialization in 10 ms
2020-05-05 18:01:54.664  INFO 69400 --- [    Test worker] c.s.springboot.web.HelloControllerTest   : Started HelloControllerTest in 1.786 seconds (JVM running for 2.48)
]]></system-out>
  <system-err><![CDATA[]]></system-err>
</testsuite>
