<?xml version="1.0" encoding="UTF-8"?>
<testsuite name="com.study.springboot.web.domain.posts.PostsRepositoryTest" tests="2" skipped="0" failures="0" errors="0" timestamp="2020-05-05T09:01:58" hostname="Hyeran-MacBookPro.local" time="0.135">
  <properties/>
  <testcase name="게시글저장_불러오기" classname="com.study.springboot.web.domain.posts.PostsRepositoryTest" time="0.127"/>
  <testcase name="BaseTimeEntity_등록" classname="com.study.springboot.web.domain.posts.PostsRepositoryTest" time="0.008"/>
  <system-out><![CDATA[2020-05-05 18:01:54.999  INFO 69400 --- [    Test worker] .b.t.c.SpringBootTestContextBootstrapper : Neither @ContextConfiguration nor @ContextHierarchy found for test class [com.study.springboot.web.domain.posts.PostsRepositoryTest], using SpringBootContextLoader
2020-05-05 18:01:55.000  INFO 69400 --- [    Test worker] o.s.t.c.support.AbstractContextLoader    : Could not detect default resource locations for test class [com.study.springboot.web.domain.posts.PostsRepositoryTest]: no resource found for suffixes {-context.xml, Context.groovy}.
2020-05-05 18:01:55.001  INFO 69400 --- [    Test worker] t.c.s.AnnotationConfigContextLoaderUtils : Could not detect default configuration classes for test class [com.study.springboot.web.domain.posts.PostsRepositoryTest]: PostsRepositoryTest does not declare any static, non-private, non-final, nested classes annotated with @Configuration.
2020-05-05 18:01:55.017  INFO 69400 --- [    Test worker] .b.t.c.SpringBootTestContextBootstrapper : Found @SpringBootConfiguration com.study.springboot.Application for test class com.study.springboot.web.domain.posts.PostsRepositoryTest
2020-05-05 18:01:55.021  INFO 69400 --- [    Test worker] .b.t.c.SpringBootTestContextBootstrapper : Loaded default TestExecutionListener class names from location [META-INF/spring.factories]: [org.springframework.security.test.context.support.WithSecurityContextTestExecutionListener, org.springframework.security.test.context.support.ReactorContextTestExecutionListener, org.springframework.boot.test.autoconfigure.restdocs.RestDocsTestExecutionListener, org.springframework.boot.test.autoconfigure.web.client.MockRestServiceServerResetTestExecutionListener, org.springframework.boot.test.autoconfigure.web.servlet.MockMvcPrintOnlyOnFailureTestExecutionListener, org.springframework.boot.test.autoconfigure.web.servlet.WebDriverTestExecutionListener, org.springframework.boot.test.mock.mockito.MockitoTestExecutionListener, org.springframework.boot.test.mock.mockito.ResetMocksTestExecutionListener, org.springframework.test.context.web.ServletTestExecutionListener, org.springframework.test.context.support.DirtiesContextBeforeModesTestExecutionListener, org.springframework.test.context.support.DependencyInjectionTestExecutionListener, org.springframework.test.context.support.DirtiesContextTestExecutionListener, org.springframework.test.context.transaction.TransactionalTestExecutionListener, org.springframework.test.context.jdbc.SqlScriptsTestExecutionListener]
2020-05-05 18:01:55.025  INFO 69400 --- [    Test worker] .b.t.c.SpringBootTestContextBootstrapper : Using TestExecutionListeners: [org.springframework.test.context.web.ServletTestExecutionListener@4a66da2e, org.springframework.test.context.support.DirtiesContextBeforeModesTestExecutionListener@c7966ba, org.springframework.boot.test.mock.mockito.MockitoTestExecutionListener@660801c, org.springframework.boot.test.autoconfigure.SpringBootDependencyInjectionTestExecutionListener@40bc8014, org.springframework.test.context.support.DirtiesContextTestExecutionListener@3c779587, org.springframework.test.context.transaction.TransactionalTestExecutionListener@7bfc6805, org.springframework.test.context.jdbc.SqlScriptsTestExecutionListener@791e7706, org.springframework.security.test.context.support.WithSecurityContextTestExecutionListener@5d06e411, org.springframework.security.test.context.support.ReactorContextTestExecutionListener@5d5d899b, org.springframework.boot.test.autoconfigure.restdocs.RestDocsTestExecutionListener@45f97e75, org.springframework.boot.test.autoconfigure.web.client.MockRestServiceServerResetTestExecutionListener@4fd5978b, org.springframework.boot.test.autoconfigure.web.servlet.MockMvcPrintOnlyOnFailureTestExecutionListener@2519c40c, org.springframework.boot.test.autoconfigure.web.servlet.WebDriverTestExecutionListener@14b98065, org.springframework.boot.test.mock.mockito.ResetMocksTestExecutionListener@1a3d4e51]

  .   ____          _            __ _ _
 /\\ / ___'_ __ _ _(_)_ __  __ _ \ \ \ \
( ( )\___ | '_ | '_| | '_ \/ _` | \ \ \ \
 \\/  ___)| |_)| | | | | || (_| |  ) ) ) )
  '  |____| .__|_| |_|_| |_\__, | / / / /
 =========|_|==============|___/=/_/_/_/
 :: Spring Boot ::        (v2.1.7.RELEASE)

2020-05-05 18:01:55.061  INFO 69400 --- [    Test worker] c.s.s.w.d.posts.PostsRepositoryTest      : Starting PostsRepositoryTest on Hyeran-MacBookPro.local with PID 69400 (started by hyeran in /Users/hyeran/Documents/IntelliJ Projects/springboot-webservice)
2020-05-05 18:01:55.063  INFO 69400 --- [    Test worker] c.s.s.w.d.posts.PostsRepositoryTest      : No active profile set, falling back to default profiles: default
2020-05-05 18:01:55.376  INFO 69400 --- [    Test worker] .s.d.r.c.RepositoryConfigurationDelegate : Bootstrapping Spring Data repositories in DEFAULT mode.
2020-05-05 18:01:55.433  INFO 69400 --- [    Test worker] .s.d.r.c.RepositoryConfigurationDelegate : Finished Spring Data repository scanning in 49ms. Found 2 repository interfaces.
2020-05-05 18:01:55.664  INFO 69400 --- [    Test worker] trationDelegate$BeanPostProcessorChecker : Bean 'org.springframework.transaction.annotation.ProxyTransactionManagementConfiguration' of type [org.springframework.transaction.annotation.ProxyTransactionManagementConfiguration$$EnhancerBySpringCGLIB$$c148a24b] is not eligible for getting processed by all BeanPostProcessors (for example: not eligible for auto-proxying)
2020-05-05 18:01:55.791  INFO 69400 --- [    Test worker] com.zaxxer.hikari.HikariDataSource       : HikariPool-1 - Starting...
2020-05-05 18:01:55.916  INFO 69400 --- [    Test worker] com.zaxxer.hikari.HikariDataSource       : HikariPool-1 - Start completed.
2020-05-05 18:01:55.971  INFO 69400 --- [    Test worker] o.hibernate.jpa.internal.util.LogHelper  : HHH000204: Processing PersistenceUnitInfo [
	name: default
	...]
2020-05-05 18:01:56.024  INFO 69400 --- [    Test worker] org.hibernate.Version                    : HHH000412: Hibernate Core {5.3.10.Final}
2020-05-05 18:01:56.026  INFO 69400 --- [    Test worker] org.hibernate.cfg.Environment            : HHH000206: hibernate.properties not found
2020-05-05 18:01:56.065  INFO 69400 --- [    Test worker] o.hibernate.annotations.common.Version   : HCANN000001: Hibernate Commons Annotations {5.0.4.Final}
2020-05-05 18:01:56.177  INFO 69400 --- [    Test worker] org.hibernate.dialect.Dialect            : HHH000400: Using dialect: org.hibernate.dialect.MySQL5InnoDBDialect
Hibernate: drop table if exists posts
Hibernate: drop table if exists user
Hibernate: create table posts (id bigint not null auto_increment, created_date datetime, modified_date datetime, author varchar(255), content TEXT not null, title varchar(500) not null, primary key (id)) engine=InnoDB
Hibernate: create table user (id bigint not null auto_increment, created_date datetime, modified_date datetime, email varchar(255) not null, name varchar(255) not null, picture varchar(255), role varchar(255) not null, primary key (id)) engine=InnoDB
2020-05-05 18:01:56.806  INFO 69400 --- [    Test worker] o.h.t.schema.internal.SchemaCreatorImpl  : HHH000476: Executing import script 'org.hibernate.tool.schema.internal.exec.ScriptSourceInputNonExistentImpl@18fb3f25'
2020-05-05 18:01:56.808  INFO 69400 --- [    Test worker] j.LocalContainerEntityManagerFactoryBean : Initialized JPA EntityManagerFactory for persistence unit 'default'
2020-05-05 18:01:57.143  INFO 69400 --- [    Test worker] o.h.h.i.QueryTranslatorFactoryInitiator  : HHH000397: Using ASTQueryTranslatorFactory
2020-05-05 18:01:57.369  INFO 69400 --- [    Test worker] o.s.s.web.DefaultSecurityFilterChain     : Creating filter chain: any request, [org.springframework.security.web.context.request.async.WebAsyncManagerIntegrationFilter@59dd1555, org.springframework.security.web.context.SecurityContextPersistenceFilter@18d67c80, org.springframework.security.web.header.HeaderWriterFilter@3a8a6684, org.springframework.security.web.authentication.logout.LogoutFilter@3d0fab4f, org.springframework.security.oauth2.client.web.OAuth2AuthorizationRequestRedirectFilter@db706be, org.springframework.security.oauth2.client.web.OAuth2LoginAuthenticationFilter@572afe46, org.springframework.security.web.authentication.ui.DefaultLoginPageGeneratingFilter@1616e771, org.springframework.security.web.authentication.ui.DefaultLogoutPageGeneratingFilter@6f8a76cb, org.springframework.security.web.savedrequest.RequestCacheAwareFilter@1b2a6c93, org.springframework.security.web.servletapi.SecurityContextHolderAwareRequestFilter@72fd8734, org.springframework.security.web.authentication.AnonymousAuthenticationFilter@6fd27db2, org.springframework.security.web.session.SessionManagementFilter@4544296b, org.springframework.security.web.access.ExceptionTranslationFilter@415854f5, org.springframework.security.web.access.intercept.FilterSecurityInterceptor@5892fb4a]
2020-05-05 18:01:57.654  INFO 69400 --- [    Test worker] o.s.s.concurrent.ThreadPoolTaskExecutor  : Initializing ExecutorService 'applicationTaskExecutor'
2020-05-05 18:01:57.670  WARN 69400 --- [    Test worker] aWebConfiguration$JpaWebMvcConfiguration : spring.jpa.open-in-view is enabled by default. Therefore, database queries may be performed during view rendering. Explicitly configure spring.jpa.open-in-view to disable this warning
2020-05-05 18:01:57.696  INFO 69400 --- [    Test worker] o.s.b.a.w.s.WelcomePageHandlerMapping    : Adding welcome page template: index
2020-05-05 18:01:58.050  INFO 69400 --- [    Test worker] s.a.ScheduledAnnotationBeanPostProcessor : No TaskScheduler/ScheduledExecutorService bean found for scheduled processing
2020-05-05 18:01:58.055  INFO 69400 --- [    Test worker] c.s.s.w.d.posts.PostsRepositoryTest      : Started PostsRepositoryTest in 3.027 seconds (JVM running for 5.872)
Hibernate: insert into posts (created_date, modified_date, author, content, title) values (?, ?, ?, ?, ?)
Hibernate: select posts0_.id as id1_0_, posts0_.created_date as created_2_0_, posts0_.modified_date as modified3_0_, posts0_.author as author4_0_, posts0_.content as content5_0_, posts0_.title as title6_0_ from posts posts0_
Hibernate: select posts0_.id as id1_0_, posts0_.created_date as created_2_0_, posts0_.modified_date as modified3_0_, posts0_.author as author4_0_, posts0_.content as content5_0_, posts0_.title as title6_0_ from posts posts0_
Hibernate: delete from posts where id=?
Hibernate: insert into posts (created_date, modified_date, author, content, title) values (?, ?, ?, ?, ?)
Hibernate: select posts0_.id as id1_0_, posts0_.created_date as created_2_0_, posts0_.modified_date as modified3_0_, posts0_.author as author4_0_, posts0_.content as content5_0_, posts0_.title as title6_0_ from posts posts0_
>>>>>>>>> createDate=2020-05-05T18:01:58.188, modifiedDate=2020-05-05T18:01:58.188
Hibernate: select posts0_.id as id1_0_, posts0_.created_date as created_2_0_, posts0_.modified_date as modified3_0_, posts0_.author as author4_0_, posts0_.content as content5_0_, posts0_.title as title6_0_ from posts posts0_
Hibernate: delete from posts where id=?
]]></system-out>
  <system-err><![CDATA[]]></system-err>
</testsuite>
